<?xml version="1.0" encoding="UTF-8"?>
<testsuite name="com.springboot.HomeworkApiDocumentationApplicationTests" tests="1" skipped="0" failures="0" errors="0" timestamp="2025-01-24T09:29:08" hostname="TACO" time="0.082">
  <properties/>
  <testcase name="contextLoads()" classname="com.springboot.HomeworkApiDocumentationApplicationTests" time="0.082"/>
  <system-out><![CDATA[18:29:03.239 [Test worker] DEBUG org.springframework.test.context.BootstrapUtils - Instantiating CacheAwareContextLoaderDelegate from class [org.springframework.test.context.cache.DefaultCacheAwareContextLoaderDelegate]
18:29:03.248 [Test worker] DEBUG org.springframework.test.context.BootstrapUtils - Instantiating BootstrapContext using constructor [public org.springframework.test.context.support.DefaultBootstrapContext(java.lang.Class,org.springframework.test.context.CacheAwareContextLoaderDelegate)]
18:29:03.270 [Test worker] DEBUG org.springframework.test.context.BootstrapUtils - Instantiating TestContextBootstrapper for test class [com.springboot.HomeworkApiDocumentationApplicationTests] from class [org.springframework.boot.test.context.SpringBootTestContextBootstrapper]
18:29:03.277 [Test worker] INFO org.springframework.boot.test.context.SpringBootTestContextBootstrapper - Neither @ContextConfiguration nor @ContextHierarchy found for test class [com.springboot.HomeworkApiDocumentationApplicationTests], using SpringBootContextLoader
18:29:03.280 [Test worker] DEBUG org.springframework.test.context.support.AbstractContextLoader - Did not detect default resource location for test class [com.springboot.HomeworkApiDocumentationApplicationTests]: class path resource [com/springboot/HomeworkApiDocumentationApplicationTests-context.xml] does not exist
18:29:03.280 [Test worker] DEBUG org.springframework.test.context.support.AbstractContextLoader - Did not detect default resource location for test class [com.springboot.HomeworkApiDocumentationApplicationTests]: class path resource [com/springboot/HomeworkApiDocumentationApplicationTestsContext.groovy] does not exist
18:29:03.280 [Test worker] INFO org.springframework.test.context.support.AbstractContextLoader - Could not detect default resource locations for test class [com.springboot.HomeworkApiDocumentationApplicationTests]: no resource found for suffixes {-context.xml, Context.groovy}.
18:29:03.281 [Test worker] INFO org.springframework.test.context.support.AnnotationConfigContextLoaderUtils - Could not detect default configuration classes for test class [com.springboot.HomeworkApiDocumentationApplicationTests]: HomeworkApiDocumentationApplicationTests does not declare any static, non-private, non-final, nested classes annotated with @Configuration.
18:29:03.312 [Test worker] DEBUG org.springframework.test.context.support.ActiveProfilesUtils - Could not find an 'annotation declaring class' for annotation type [org.springframework.test.context.ActiveProfiles] and class [com.springboot.HomeworkApiDocumentationApplicationTests]
18:29:03.354 [Test worker] DEBUG org.springframework.context.annotation.ClassPathScanningCandidateComponentProvider - Identified candidate component class: file [C:\backend\be-homework-api-documentation\build\classes\java\main\com\springboot\HomeworkApiDocumentationApplication.class]
18:29:03.356 [Test worker] INFO org.springframework.boot.test.context.SpringBootTestContextBootstrapper - Found @SpringBootConfiguration com.springboot.HomeworkApiDocumentationApplication for test class com.springboot.HomeworkApiDocumentationApplicationTests
18:29:03.438 [Test worker] DEBUG org.springframework.boot.test.context.SpringBootTestContextBootstrapper - @TestExecutionListeners is not present for class [com.springboot.HomeworkApiDocumentationApplicationTests]: using defaults.
18:29:03.438 [Test worker] INFO org.springframework.boot.test.context.SpringBootTestContextBootstrapper - Loaded default TestExecutionListener class names from location [META-INF/spring.factories]: [org.springframework.test.context.web.ServletTestExecutionListener, org.springframework.test.context.support.DirtiesContextBeforeModesTestExecutionListener, org.springframework.test.context.event.ApplicationEventsTestExecutionListener, org.springframework.test.context.support.DependencyInjectionTestExecutionListener, org.springframework.test.context.support.DirtiesContextTestExecutionListener, org.springframework.test.context.transaction.TransactionalTestExecutionListener, org.springframework.test.context.jdbc.SqlScriptsTestExecutionListener, org.springframework.test.context.event.EventPublishingTestExecutionListener, org.springframework.boot.test.autoconfigure.restdocs.RestDocsTestExecutionListener, org.springframework.boot.test.autoconfigure.web.client.MockRestServiceServerResetTestExecutionListener, org.springframework.boot.test.autoconfigure.web.servlet.MockMvcPrintOnlyOnFailureTestExecutionListener, org.springframework.boot.test.autoconfigure.web.servlet.WebDriverTestExecutionListener, org.springframework.boot.test.autoconfigure.webservices.client.MockWebServiceServerTestExecutionListener, org.springframework.boot.test.mock.mockito.MockitoTestExecutionListener, org.springframework.boot.test.mock.mockito.ResetMocksTestExecutionListener]
18:29:03.449 [Test worker] INFO org.springframework.boot.test.context.SpringBootTestContextBootstrapper - Using TestExecutionListeners: [org.springframework.test.context.web.ServletTestExecutionListener@5a772895, org.springframework.test.context.support.DirtiesContextBeforeModesTestExecutionListener@39fc6b2c, org.springframework.test.context.event.ApplicationEventsTestExecutionListener@704b2127, org.springframework.boot.test.mock.mockito.MockitoTestExecutionListener@3ee39da0, org.springframework.boot.test.autoconfigure.SpringBootDependencyInjectionTestExecutionListener@5d332969, org.springframework.test.context.support.DirtiesContextTestExecutionListener@7cc9ce8, org.springframework.test.context.transaction.TransactionalTestExecutionListener@2e27d72f, org.springframework.test.context.jdbc.SqlScriptsTestExecutionListener@c0b41d6, org.springframework.test.context.event.EventPublishingTestExecutionListener@4837595f, org.springframework.boot.test.autoconfigure.restdocs.RestDocsTestExecutionListener@2bffa76d, org.springframework.boot.test.autoconfigure.web.client.MockRestServiceServerResetTestExecutionListener@3b718392, org.springframework.boot.test.autoconfigure.web.servlet.MockMvcPrintOnlyOnFailureTestExecutionListener@6d2260db, org.springframework.boot.test.autoconfigure.web.servlet.WebDriverTestExecutionListener@1f2d2181, org.springframework.boot.test.autoconfigure.webservices.client.MockWebServiceServerTestExecutionListener@49bf29c6, org.springframework.boot.test.mock.mockito.ResetMocksTestExecutionListener@7ee55e70]
18:29:03.451 [Test worker] DEBUG org.springframework.test.context.support.AbstractDirtiesContextTestExecutionListener - Before test class: context [DefaultTestContext@438bad7c testClass = HomeworkApiDocumentationApplicationTests, testInstance = [null], testMethod = [null], testException = [null], mergedContextConfiguration = [WebMergedContextConfiguration@25230246 testClass = HomeworkApiDocumentationApplicationTests, locations = '{}', classes = '{class com.springboot.HomeworkApiDocumentationApplication}', contextInitializerClasses = '[]', activeProfiles = '{}', propertySourceLocations = '{}', propertySourceProperties = '{org.springframework.boot.test.context.SpringBootTestContextBootstrapper=true}', contextCustomizers = set[org.springframework.boot.test.autoconfigure.actuate.metrics.MetricsExportContextCustomizerFactory$DisableMetricExportContextCustomizer@3f446bef, org.springframework.boot.test.autoconfigure.properties.PropertyMappingContextCustomizer@0, org.springframework.boot.test.autoconfigure.web.servlet.WebDriverContextCustomizerFactory$Customizer@74cadd41, org.springframework.boot.test.context.filter.ExcludeFilterContextCustomizer@4f2613d1, org.springframework.boot.test.json.DuplicateJsonObjectContextCustomizerFactory$DuplicateJsonObjectContextCustomizer@426b6a74, org.springframework.boot.test.mock.mockito.MockitoContextCustomizer@0, org.springframework.boot.test.web.client.TestRestTemplateContextCustomizer@3e8f7922, org.springframework.boot.test.context.SpringBootTestArgs@1, org.springframework.boot.test.context.SpringBootTestWebEnvironment@1ec9bd38], resourceBasePath = 'src/main/webapp', contextLoader = 'org.springframework.boot.test.context.SpringBootContextLoader', parent = [null]], attributes = map['org.springframework.test.context.web.ServletTestExecutionListener.activateListener' -> true]], class annotated with @DirtiesContext [false] with mode [null].

  .   ____          _            __ _ _
 /\\ / ___'_ __ _ _(_)_ __  __ _ \ \ \ \
( ( )\___ | '_ | '_| | '_ \/ _` | \ \ \ \
 \\/  ___)| |_)| | | | | || (_| |  ) ) ) )
  '  |____| .__|_| |_|_| |_\__, | / / / /
 =========|_|==============|___/=/_/_/_/
 :: Spring Boot ::                (v2.7.1)

2025-01-24 18:29:03.747  INFO 13220 --- [    Test worker] HomeworkApiDocumentationApplicationTests : Starting HomeworkApiDocumentationApplicationTests using Java 11.0.25 on taco with PID 13220 (started by taekh in C:\backend\be-homework-api-documentation)
2025-01-24 18:29:03.748  INFO 13220 --- [    Test worker] HomeworkApiDocumentationApplicationTests : No active profile set, falling back to 1 default profile: "default"
2025-01-24 18:29:04.375  INFO 13220 --- [    Test worker] .s.d.r.c.RepositoryConfigurationDelegate : Bootstrapping Spring Data JPA repositories in DEFAULT mode.
2025-01-24 18:29:04.437  INFO 13220 --- [    Test worker] .s.d.r.c.RepositoryConfigurationDelegate : Finished Spring Data repository scanning in 53 ms. Found 3 JPA repository interfaces.
2025-01-24 18:29:04.975 DEBUG 13220 --- [    Test worker] j.LocalContainerEntityManagerFactoryBean : Building JPA container EntityManagerFactory for persistence unit 'default'
2025-01-24 18:29:05.006  INFO 13220 --- [    Test worker] o.hibernate.jpa.internal.util.LogHelper  : HHH000204: Processing PersistenceUnitInfo [name: default]
2025-01-24 18:29:05.062  INFO 13220 --- [    Test worker] org.hibernate.Version                    : HHH000412: Hibernate ORM core version 5.6.9.Final
2025-01-24 18:29:05.212  INFO 13220 --- [    Test worker] o.hibernate.annotations.common.Version   : HCANN000001: Hibernate Commons Annotations {5.1.2.Final}
2025-01-24 18:29:05.302  INFO 13220 --- [    Test worker] com.zaxxer.hikari.HikariDataSource       : HikariPool-1 - Starting...
2025-01-24 18:29:05.473  INFO 13220 --- [    Test worker] com.zaxxer.hikari.HikariDataSource       : HikariPool-1 - Start completed.
2025-01-24 18:29:05.503  INFO 13220 --- [    Test worker] org.hibernate.dialect.Dialect            : HHH000400: Using dialect: org.hibernate.dialect.H2Dialect
Hibernate: 
    
    drop table if exists coffee CASCADE 
Hibernate: 
    
    drop table if exists member CASCADE 
Hibernate: 
    
    drop table if exists order_coffee CASCADE 
Hibernate: 
    
    drop table if exists orders CASCADE 
Hibernate: 
    
    drop table if exists stamp CASCADE 
Hibernate: 
    
    create table coffee (
       coffee_id bigint generated by default as identity,
        created_at timestamp,
        last_modified_at timestamp,
        coffee_code varchar(3) not null,
        coffee_status varchar(20) not null,
        eng_name varchar(100) not null,
        kor_name varchar(100) not null,
        price integer not null,
        primary key (coffee_id)
    )
Hibernate: 
    
    create table member (
       member_id bigint generated by default as identity,
        created_at timestamp,
        last_modified_at timestamp,
        email varchar(255) not null,
        member_status varchar(20) not null,
        name varchar(100) not null,
        phone varchar(13) not null,
        primary key (member_id)
    )
Hibernate: 
    
    create table order_coffee (
       order_coffee_id bigint generated by default as identity,
        created_at timestamp,
        last_modified_at timestamp,
        quantity integer not null,
        coffee_id bigint,
        order_id bigint,
        primary key (order_coffee_id)
    )
Hibernate: 
    
    create table orders (
       order_id bigint generated by default as identity,
        created_at timestamp,
        last_modified_at timestamp,
        order_status varchar(255),
        member_id bigint,
        primary key (order_id)
    )
Hibernate: 
    
    create table stamp (
       stamp_id bigint generated by default as identity,
        created_at timestamp,
        last_modified_at timestamp,
        stamp_count integer not null,
        member_id bigint,
        primary key (stamp_id)
    )
Hibernate: 
    
    alter table coffee 
       add constraint UK_m12kom436k9e8fhohvqdnfakd unique (coffee_code)
Hibernate: 
    
    alter table member 
       add constraint UK_mbmcqelty0fbrvxp1q58dn57t unique (email)
Hibernate: 
    
    alter table member 
       add constraint UK_6ithqvsvrcawbi9dtxu0ttsny unique (phone)
Hibernate: 
    
    alter table order_coffee 
       add constraint FKaddeel2etjqaqm0n5728r9sab 
       foreign key (coffee_id) 
       references coffee
Hibernate: 
    
    alter table order_coffee 
       add constraint FKe95q1ho0v6ug022j3yx82e6eq 
       foreign key (order_id) 
       references orders
Hibernate: 
    
    alter table orders 
       add constraint FKpktxwhj3x9m4gth5ff6bkqgeb 
       foreign key (member_id) 
       references member
Hibernate: 
    
    alter table stamp 
       add constraint FK1oscorlxc4ywlhvbucl1j2q9q 
       foreign key (member_id) 
       references member
2025-01-24 18:29:06.238  INFO 13220 --- [    Test worker] o.h.e.t.j.p.i.JtaPlatformInitiator       : HHH000490: Using JtaPlatform implementation: [org.hibernate.engine.transaction.jta.platform.internal.NoJtaPlatform]
2025-01-24 18:29:06.244  INFO 13220 --- [    Test worker] j.LocalContainerEntityManagerFactoryBean : Initialized JPA EntityManagerFactory for persistence unit 'default'
2025-01-24 18:29:06.378 DEBUG 13220 --- [    Test worker] tor$SharedEntityManagerInvocationHandler : Creating new EntityManager for shared EntityManager invocation
2025-01-24 18:29:06.444 DEBUG 13220 --- [    Test worker] tor$SharedEntityManagerInvocationHandler : Creating new EntityManager for shared EntityManager invocation
2025-01-24 18:29:06.556 DEBUG 13220 --- [    Test worker] tor$SharedEntityManagerInvocationHandler : Creating new EntityManager for shared EntityManager invocation
2025-01-24 18:29:06.702 DEBUG 13220 --- [    Test worker] tor$SharedEntityManagerInvocationHandler : Creating new EntityManager for shared EntityManager invocation
2025-01-24 18:29:06.912 DEBUG 13220 --- [    Test worker] tor$SharedEntityManagerInvocationHandler : Creating new EntityManager for shared EntityManager invocation
2025-01-24 18:29:07.050 DEBUG 13220 --- [    Test worker] tor$SharedEntityManagerInvocationHandler : Creating new EntityManager for shared EntityManager invocation
2025-01-24 18:29:07.051 DEBUG 13220 --- [    Test worker] tor$SharedEntityManagerInvocationHandler : Creating new EntityManager for shared EntityManager invocation
2025-01-24 18:29:07.057 DEBUG 13220 --- [    Test worker] tor$SharedEntityManagerInvocationHandler : Creating new EntityManager for shared EntityManager invocation
2025-01-24 18:29:07.119 DEBUG 13220 --- [    Test worker] tor$SharedEntityManagerInvocationHandler : Creating new EntityManager for shared EntityManager invocation
2025-01-24 18:29:07.121 DEBUG 13220 --- [    Test worker] tor$SharedEntityManagerInvocationHandler : Creating new EntityManager for shared EntityManager invocation
2025-01-24 18:29:07.589  WARN 13220 --- [    Test worker] JpaBaseConfiguration$JpaWebConfiguration : spring.jpa.open-in-view is enabled by default. Therefore, database queries may be performed during view rendering. Explicitly configure spring.jpa.open-in-view to disable this warning
2025-01-24 18:29:08.105  INFO 13220 --- [    Test worker] o.s.b.a.h2.H2ConsoleAutoConfiguration    : H2 console available at '/h2'. Database available at 'jdbc:h2:mem:test'
2025-01-24 18:29:08.746  INFO 13220 --- [    Test worker] HomeworkApiDocumentationApplicationTests : Started HomeworkApiDocumentationApplicationTests in 5.269 seconds (JVM running for 6.313)
]]></system-out>
  <system-err><![CDATA[]]></system-err>
</testsuite>
