<?xml version="1.0" encoding="UTF-8"?>
<testsuite name="com.springboot.homework.MemberControllerDocumentationTest" tests="3" skipped="0" failures="0" errors="0" timestamp="2025-01-24T09:29:09" hostname="TACO" time="0.229">
  <properties/>
  <testcase name="getMemberTest()" classname="com.springboot.homework.MemberControllerDocumentationTest" time="0.18"/>
  <testcase name="getMembersTest()" classname="com.springboot.homework.MemberControllerDocumentationTest" time="0.035"/>
  <testcase name="deleteMemberTest()" classname="com.springboot.homework.MemberControllerDocumentationTest" time="0.012"/>
  <system-out><![CDATA[2025-01-24 18:29:08.870  INFO 13220 --- [    Test worker] .b.t.a.w.s.WebMvcTestContextBootstrapper : Neither @ContextConfiguration nor @ContextHierarchy found for test class [com.springboot.homework.MemberControllerDocumentationTest], using SpringBootContextLoader
2025-01-24 18:29:08.870  INFO 13220 --- [    Test worker] o.s.t.c.support.AbstractContextLoader    : Could not detect default resource locations for test class [com.springboot.homework.MemberControllerDocumentationTest]: no resource found for suffixes {-context.xml, Context.groovy}.
2025-01-24 18:29:08.871  INFO 13220 --- [    Test worker] t.c.s.AnnotationConfigContextLoaderUtils : Could not detect default configuration classes for test class [com.springboot.homework.MemberControllerDocumentationTest]: MemberControllerDocumentationTest does not declare any static, non-private, non-final, nested classes annotated with @Configuration.
2025-01-24 18:29:08.887  INFO 13220 --- [    Test worker] .b.t.c.SpringBootTestContextBootstrapper : Found @SpringBootConfiguration com.springboot.HomeworkApiDocumentationApplication for test class com.springboot.homework.MemberControllerDocumentationTest
2025-01-24 18:29:08.888  INFO 13220 --- [    Test worker] .b.t.a.w.s.WebMvcTestContextBootstrapper : Loaded default TestExecutionListener class names from location [META-INF/spring.factories]: [org.springframework.test.context.web.ServletTestExecutionListener, org.springframework.test.context.support.DirtiesContextBeforeModesTestExecutionListener, org.springframework.test.context.event.ApplicationEventsTestExecutionListener, org.springframework.test.context.support.DependencyInjectionTestExecutionListener, org.springframework.test.context.support.DirtiesContextTestExecutionListener, org.springframework.test.context.transaction.TransactionalTestExecutionListener, org.springframework.test.context.jdbc.SqlScriptsTestExecutionListener, org.springframework.test.context.event.EventPublishingTestExecutionListener, org.springframework.boot.test.autoconfigure.restdocs.RestDocsTestExecutionListener, org.springframework.boot.test.autoconfigure.web.client.MockRestServiceServerResetTestExecutionListener, org.springframework.boot.test.autoconfigure.web.servlet.MockMvcPrintOnlyOnFailureTestExecutionListener, org.springframework.boot.test.autoconfigure.web.servlet.WebDriverTestExecutionListener, org.springframework.boot.test.autoconfigure.webservices.client.MockWebServiceServerTestExecutionListener, org.springframework.boot.test.mock.mockito.MockitoTestExecutionListener, org.springframework.boot.test.mock.mockito.ResetMocksTestExecutionListener]
2025-01-24 18:29:08.888  INFO 13220 --- [    Test worker] .b.t.a.w.s.WebMvcTestContextBootstrapper : Using TestExecutionListeners: [org.springframework.test.context.web.ServletTestExecutionListener@18edbed9, org.springframework.test.context.support.DirtiesContextBeforeModesTestExecutionListener@4823f4d0, org.springframework.test.context.event.ApplicationEventsTestExecutionListener@75f316df, org.springframework.boot.test.mock.mockito.MockitoTestExecutionListener@2d4aadc, org.springframework.boot.test.autoconfigure.SpringBootDependencyInjectionTestExecutionListener@773ad729, org.springframework.test.context.support.DirtiesContextTestExecutionListener@20e8286a, org.springframework.test.context.transaction.TransactionalTestExecutionListener@4d408746, org.springframework.test.context.jdbc.SqlScriptsTestExecutionListener@6ae55678, org.springframework.test.context.event.EventPublishingTestExecutionListener@4bc75792, org.springframework.boot.test.autoconfigure.restdocs.RestDocsTestExecutionListener@2a0d8df8, org.springframework.boot.test.autoconfigure.web.client.MockRestServiceServerResetTestExecutionListener@63be4548, org.springframework.boot.test.autoconfigure.web.servlet.MockMvcPrintOnlyOnFailureTestExecutionListener@232899d1, org.springframework.boot.test.autoconfigure.web.servlet.WebDriverTestExecutionListener@522221e1, org.springframework.boot.test.autoconfigure.webservices.client.MockWebServiceServerTestExecutionListener@14060410, org.springframework.boot.test.mock.mockito.ResetMocksTestExecutionListener@58397dd]

  .   ____          _            __ _ _
 /\\ / ___'_ __ _ _(_)_ __  __ _ \ \ \ \
( ( )\___ | '_ | '_| | '_ \/ _` | \ \ \ \
 \\/  ___)| |_)| | | | | || (_| |  ) ) ) )
  '  |____| .__|_| |_|_| |_\__, | / / / /
 =========|_|==============|___/=/_/_/_/
 :: Spring Boot ::                (v2.7.1)

2025-01-24 18:29:08.916  INFO 13220 --- [    Test worker] c.s.h.MemberControllerDocumentationTest  : Starting MemberControllerDocumentationTest using Java 11.0.25 on taco with PID 13220 (started by taekh in C:\backend\be-homework-api-documentation)
2025-01-24 18:29:08.916  INFO 13220 --- [    Test worker] c.s.h.MemberControllerDocumentationTest  : No active profile set, falling back to 1 default profile: "default"
2025-01-24 18:29:09.613  INFO 13220 --- [    Test worker] o.s.b.t.m.w.SpringBootMockServletContext : Initializing Spring TestDispatcherServlet ''
2025-01-24 18:29:09.613  INFO 13220 --- [    Test worker] o.s.t.web.servlet.TestDispatcherServlet  : Initializing Servlet ''
2025-01-24 18:29:09.613  INFO 13220 --- [    Test worker] o.s.t.web.servlet.TestDispatcherServlet  : Completed initialization in 0 ms
2025-01-24 18:29:09.622  INFO 13220 --- [    Test worker] c.s.h.MemberControllerDocumentationTest  : Started MemberControllerDocumentationTest in 0.731 seconds (JVM running for 7.19)
]]></system-out>
  <system-err><![CDATA[]]></system-err>
</testsuite>
