<?xml version="1.0" encoding="UTF-8"?>
<testsuite name="com.springboot.restdocs.member.MemberControllerRestDocsTest" tests="2" skipped="0" failures="0" errors="0" timestamp="2025-01-24T09:29:09" hostname="TACO" time="0.107">
  <properties/>
  <testcase name="patchMemberTest()" classname="com.springboot.restdocs.member.MemberControllerRestDocsTest" time="0.067"/>
  <testcase name="postMemberTest()" classname="com.springboot.restdocs.member.MemberControllerRestDocsTest" time="0.039"/>
  <system-out><![CDATA[2025-01-24 18:29:09.857  INFO 13220 --- [    Test worker] .b.t.a.w.s.WebMvcTestContextBootstrapper : Neither @ContextConfiguration nor @ContextHierarchy found for test class [com.springboot.restdocs.member.MemberControllerRestDocsTest], using SpringBootContextLoader
2025-01-24 18:29:09.858  INFO 13220 --- [    Test worker] o.s.t.c.support.AbstractContextLoader    : Could not detect default resource locations for test class [com.springboot.restdocs.member.MemberControllerRestDocsTest]: no resource found for suffixes {-context.xml, Context.groovy}.
2025-01-24 18:29:09.858  INFO 13220 --- [    Test worker] t.c.s.AnnotationConfigContextLoaderUtils : Could not detect default configuration classes for test class [com.springboot.restdocs.member.MemberControllerRestDocsTest]: MemberControllerRestDocsTest does not declare any static, non-private, non-final, nested classes annotated with @Configuration.
2025-01-24 18:29:09.866  INFO 13220 --- [    Test worker] .b.t.c.SpringBootTestContextBootstrapper : Found @SpringBootConfiguration com.springboot.HomeworkApiDocumentationApplication for test class com.springboot.restdocs.member.MemberControllerRestDocsTest
2025-01-24 18:29:09.866  INFO 13220 --- [    Test worker] .b.t.a.w.s.WebMvcTestContextBootstrapper : Loaded default TestExecutionListener class names from location [META-INF/spring.factories]: [org.springframework.test.context.web.ServletTestExecutionListener, org.springframework.test.context.support.DirtiesContextBeforeModesTestExecutionListener, org.springframework.test.context.event.ApplicationEventsTestExecutionListener, org.springframework.test.context.support.DependencyInjectionTestExecutionListener, org.springframework.test.context.support.DirtiesContextTestExecutionListener, org.springframework.test.context.transaction.TransactionalTestExecutionListener, org.springframework.test.context.jdbc.SqlScriptsTestExecutionListener, org.springframework.test.context.event.EventPublishingTestExecutionListener, org.springframework.boot.test.autoconfigure.restdocs.RestDocsTestExecutionListener, org.springframework.boot.test.autoconfigure.web.client.MockRestServiceServerResetTestExecutionListener, org.springframework.boot.test.autoconfigure.web.servlet.MockMvcPrintOnlyOnFailureTestExecutionListener, org.springframework.boot.test.autoconfigure.web.servlet.WebDriverTestExecutionListener, org.springframework.boot.test.autoconfigure.webservices.client.MockWebServiceServerTestExecutionListener, org.springframework.boot.test.mock.mockito.MockitoTestExecutionListener, org.springframework.boot.test.mock.mockito.ResetMocksTestExecutionListener]
2025-01-24 18:29:09.866  INFO 13220 --- [    Test worker] .b.t.a.w.s.WebMvcTestContextBootstrapper : Using TestExecutionListeners: [org.springframework.test.context.web.ServletTestExecutionListener@276ae21c, org.springframework.test.context.support.DirtiesContextBeforeModesTestExecutionListener@1a524c6b, org.springframework.test.context.event.ApplicationEventsTestExecutionListener@2408ca4c, org.springframework.boot.test.mock.mockito.MockitoTestExecutionListener@2f7e2481, org.springframework.boot.test.autoconfigure.SpringBootDependencyInjectionTestExecutionListener@5f745970, org.springframework.test.context.support.DirtiesContextTestExecutionListener@57cd77e1, org.springframework.test.context.transaction.TransactionalTestExecutionListener@35f59dfe, org.springframework.test.context.jdbc.SqlScriptsTestExecutionListener@6b71fded, org.springframework.test.context.event.EventPublishingTestExecutionListener@1633962a, org.springframework.boot.test.autoconfigure.restdocs.RestDocsTestExecutionListener@2afd8972, org.springframework.boot.test.autoconfigure.web.client.MockRestServiceServerResetTestExecutionListener@33fefbbe, org.springframework.boot.test.autoconfigure.web.servlet.MockMvcPrintOnlyOnFailureTestExecutionListener@5784f6b9, org.springframework.boot.test.autoconfigure.web.servlet.WebDriverTestExecutionListener@5d0ca8a5, org.springframework.boot.test.autoconfigure.webservices.client.MockWebServiceServerTestExecutionListener@1b7c1c6f, org.springframework.boot.test.mock.mockito.ResetMocksTestExecutionListener@5f9b37b5]
]]></system-out>
  <system-err><![CDATA[]]></system-err>
</testsuite>
